<?xml version="1.0" encoding="UTF-8"?>
<!-- Generated by org.testng.reporters.JUnitReportReporter -->
<testsuite hostname="VetriPK" failures="0" tests="1" name="tests.FirstTest" time="0.012" errors="0" timestamp="2021-12-12T22:51:46 IST" skipped="0">
  <testcase classname="tests.FirstTest" name="firstTestCase" time="0.012"/>
  <system-out/>
</testsuite> <!-- tests.FirstTest -->
