<?xml version="1.0" encoding="UTF-8"?>
<!-- Generated by org.testng.reporters.JUnitReportReporter -->
<testsuite hostname="VetriPK" failures="0" tests="1" name="tests.FirstTest2" time="0.011" errors="0" timestamp="2021-12-12T22:55:02 IST" skipped="0">
  <testcase classname="tests.FirstTest2" name="firstTestCase" time="0.011"/>
  <system-out/>
</testsuite> <!-- tests.FirstTest2 -->
